Using pre-set license
Built from '2020.3/staging' branch; Version is '2020.3.19f1 (68f137dc9bbe) revision 6877495'; Using compiler version '192528614'; Build Type 'Release'
OS: 'Windows 10 Pro; OS build 19043.1348; Version 2009; 64bit' Language: 'en' Physical Memory: 8142 MB
BatchMode: 1, IsHumanControllingUs: 0, StartBugReporterOnCrash: 0, Is64bit: 1, IsPro: 0

COMMAND LINE ARGUMENTS:
C:\Users\hp\Documents\UNITY\2020.3.19f1\Editor\Unity.exe
-adb2
-batchMode
-noUpm
-name
AssetImportWorker0
-projectPath
C:/Users/hp/Documents/GitHub/RPG-Game/RPG-Game
-logFile
Logs/AssetImportWorker0.log
-srvPort
49508
Successfully changed project path to: C:/Users/hp/Documents/GitHub/RPG-Game/RPG-Game
C:/Users/hp/Documents/GitHub/RPG-Game/RPG-Game
Using Asset Import Pipeline V2.
Refreshing native plugins compatible for Editor in 70.45 ms, found 2 plugins.
Preloading 0 native plugins for Editor in 0.00 ms.
Initialize engine version: 2020.3.19f1 (68f137dc9bbe)
[Subsystems] Discovering subsystems at path C:/Users/hp/Documents/UNITY/2020.3.19f1/Editor/Data/Resources/UnitySubsystems
[Subsystems] Discovering subsystems at path C:/Users/hp/Documents/GitHub/RPG-Game/RPG-Game/Assets
GfxDevice: creating device client; threaded=0
Direct3D:
    Version:  Direct3D 11.0 [level 11.0]
    Renderer: AMD Radeon HD 6470M (ID=0x6760)
    Vendor:   
    VRAM:     1008 MB
    Driver:   15.201.1301.0
Initialize mono
Mono path[0] = 'C:/Users/hp/Documents/UNITY/2020.3.19f1/Editor/Data/Managed'
Mono path[1] = 'C:/Users/hp/Documents/UNITY/2020.3.19f1/Editor/Data/MonoBleedingEdge/lib/mono/unityjit'
Mono config path = 'C:/Users/hp/Documents/UNITY/2020.3.19f1/Editor/Data/MonoBleedingEdge/etc'
Using monoOptions --debugger-agent=transport=dt_socket,embedding=1,server=y,suspend=n,address=127.0.0.1:56144
Begin MonoManager ReloadAssembly
Registering precompiled unity dll's ...
Register platform support module: C:/Users/hp/Documents/UNITY/2020.3.19f1/Editor/Data/PlaybackEngines/WebGLSupport/UnityEditor.WebGL.Extensions.dll
Register platform support module: C:/Users/hp/Documents/UNITY/2020.3.19f1/Editor/Data/PlaybackEngines/WindowsStandaloneSupport/UnityEditor.WindowsStandalone.Extensions.dll
Registered in 0.004343 seconds.
Native extension for WindowsStandalone target not found
Native extension for WebGL target not found
Refreshing native plugins compatible for Editor in 88.65 ms, found 2 plugins.
Preloading 0 native plugins for Editor in 0.00 ms.
Mono: successfully reloaded assembly
- Completed reload, in  8.705 seconds
Domain Reload Profiling:
	ReloadAssembly (8706ms)
		BeginReloadAssembly (124ms)
			ExecutionOrderSort (0ms)
			DisableScriptedObjects (0ms)
			BackupInstance (0ms)
			ReleaseScriptingObjects (0ms)
			CreateAndSetChildDomain (2ms)
		EndReloadAssembly (997ms)
			LoadAssemblies (120ms)
			RebuildTransferFunctionScriptingTraits (0ms)
			SetupTypeCache (287ms)
			ReleaseScriptCaches (0ms)
			RebuildScriptCaches (61ms)
			SetupLoadedEditorAssemblies (498ms)
				LogAssemblyErrors (0ms)
				InitializePlatformSupportModulesInManaged (9ms)
				SetLoadedEditorAssemblies (0ms)
				RefreshPlugins (89ms)
				BeforeProcessingInitializeOnLoad (35ms)
				ProcessInitializeOnLoadAttributes (248ms)
				ProcessInitializeOnLoadMethodAttributes (117ms)
				AfterProcessingInitializeOnLoad (0ms)
				EditorAssembliesLoaded (0ms)
			ExecutionOrderSort2 (0ms)
			AwakeInstancesAfterBackupRestoration (0ms)
Platform modules already initialized, skipping
Registering precompiled user dll's ...
Registered in 0.009353 seconds.
Begin MonoManager ReloadAssembly
Native extension for WindowsStandalone target not found
Native extension for WebGL target not found
Refreshing native plugins compatible for Editor in 0.72 ms, found 2 plugins.
Preloading 0 native plugins for Editor in 0.00 ms.
Mono: successfully reloaded assembly
- Completed reload, in  9.037 seconds
Domain Reload Profiling:
	ReloadAssembly (9038ms)
		BeginReloadAssembly (329ms)
			ExecutionOrderSort (0ms)
			DisableScriptedObjects (11ms)
			BackupInstance (0ms)
			ReleaseScriptingObjects (0ms)
			CreateAndSetChildDomain (41ms)
		EndReloadAssembly (8585ms)
			LoadAssemblies (207ms)
			RebuildTransferFunctionScriptingTraits (0ms)
			SetupTypeCache (547ms)
			ReleaseScriptCaches (1ms)
			RebuildScriptCaches (98ms)
			SetupLoadedEditorAssemblies (7567ms)
				LogAssemblyErrors (0ms)
				InitializePlatformSupportModulesInManaged (12ms)
				SetLoadedEditorAssemblies (1ms)
				RefreshPlugins (1ms)
				BeforeProcessingInitializeOnLoad (6810ms)
				ProcessInitializeOnLoadAttributes (723ms)
				ProcessInitializeOnLoadMethodAttributes (7ms)
				AfterProcessingInitializeOnLoad (12ms)
				EditorAssembliesLoaded (1ms)
			ExecutionOrderSort2 (0ms)
			AwakeInstancesAfterBackupRestoration (13ms)
Platform modules already initialized, skipping
========================================================================
Worker process is ready to serve import requests
Launched and connected shader compiler UnityShaderCompiler.exe after 0.15 seconds
Refreshing native plugins compatible for Editor in 0.63 ms, found 2 plugins.
Preloading 0 native plugins for Editor in 0.00 ms.
Unloading 1621 Unused Serialized files (Serialized files now loaded: 0)
System memory in use before: 87.0 MB.
System memory in use after: 87.1 MB.

Unloading 17 unused Assets to reduce memory usage. Loaded Objects now: 2079.
Total: 4.844100 ms (FindLiveObjects: 0.214900 ms CreateObjectMapping: 0.087300 ms MarkObjects: 4.368500 ms  DeleteObjects: 0.170900 ms)

AssetImportParameters requested are different than current active one (requested -> active):
  custom:framework-win-MediaFoundation: 216162199b28c13a410421893ffa2e32 -> 
  custom:video-decoder-ogg-theora: a1e56fd34408186e4bbccfd4996cb3dc -> 
  custom:container-muxer-webm: aa71ff27fc2769a1b78a27578f13a17b -> 
  custom:container-demuxer-webm: 4f35f7cbe854078d1ac9338744f61a02 -> 
  custom:container-demuxer-ogg: 62fdf1f143b41e24485cea50d1cbac27 -> 
  custom:video-encoder-webm-vp8: eb34c28f22e8b96e1ab97ce403110664 -> 
  custom:video-decoder-webm-vp8: 9c59270c3fd7afecdb556c50c9e8de78 -> 
  custom:audio-decoder-ogg-vorbis: bf7c407c2cedff20999df2af8eb42d56 -> 
  custom:audio-encoder-webm-vorbis: bf7c407c2cedff20999df2af8eb42d56 -> 
========================================================================
Received Import Request.
  path: Assets/External/Running.prefab
  artifactKey: Guid(014dff2bf80681a4fab2fbdfcd0e206d) Importer(815301076,1909f56bfc062723c751e8b465ee728b)
Start importing Assets/External/Running.prefab using Guid(014dff2bf80681a4fab2fbdfcd0e206d) Importer(815301076,1909f56bfc062723c751e8b465ee728b)  -> (artifact id: 'ad8e2d129e535c9831e3964d502d6cde') in 0.399215 seconds 
  Import took 0.406657 seconds .

========================================================================
Received Prepare
Registering precompiled user dll's ...
Registered in 0.008048 seconds.
Begin MonoManager ReloadAssembly
Native extension for WindowsStandalone target not found
Native extension for WebGL target not found
Refreshing native plugins compatible for Editor in 0.68 ms, found 2 plugins.
Preloading 0 native plugins for Editor in 0.00 ms.
Mono: successfully reloaded assembly
- Completed reload, in  3.215 seconds
Domain Reload Profiling:
	ReloadAssembly (3217ms)
		BeginReloadAssembly (424ms)
			ExecutionOrderSort (0ms)
			DisableScriptedObjects (14ms)
			BackupInstance (0ms)
			ReleaseScriptingObjects (0ms)
			CreateAndSetChildDomain (91ms)
		EndReloadAssembly (2434ms)
			LoadAssemblies (385ms)
			RebuildTransferFunctionScriptingTraits (0ms)
			SetupTypeCache (822ms)
			ReleaseScriptCaches (1ms)
			RebuildScriptCaches (112ms)
			SetupLoadedEditorAssemblies (1044ms)
				LogAssemblyErrors (0ms)
				InitializePlatformSupportModulesInManaged (11ms)
				SetLoadedEditorAssemblies (1ms)
				RefreshPlugins (1ms)
				BeforeProcessingInitializeOnLoad (283ms)
				ProcessInitializeOnLoadAttributes (728ms)
				ProcessInitializeOnLoadMethodAttributes (8ms)
				AfterProcessingInitializeOnLoad (12ms)
				EditorAssembliesLoaded (1ms)
			ExecutionOrderSort2 (0ms)
			AwakeInstancesAfterBackupRestoration (19ms)
Platform modules already initialized, skipping
Switching build target platform(19) subTarget(0) extendedPlatform(0) -> platform(13) subTarget(537395200) extendedPlatform(0)
Refreshing native plugins compatible for Editor in 0.90 ms, found 2 plugins.
Preloading 0 native plugins for Editor in 0.00 ms.
Unloading 1607 Unused Serialized files (Serialized files now loaded: 0)
System memory in use before: 102.0 MB.
System memory in use after: 102.1 MB.

Unloading 12 unused Assets to reduce memory usage. Loaded Objects now: 2092.
Total: 4.802500 ms (FindLiveObjects: 0.221100 ms CreateObjectMapping: 0.087500 ms MarkObjects: 4.457000 ms  DeleteObjects: 0.034000 ms)

AssetImportParameters requested are different than current active one (requested -> active):
  custom:framework-win-MediaFoundation: 216162199b28c13a410421893ffa2e32 -> 
  custom:video-decoder-ogg-theora: a1e56fd34408186e4bbccfd4996cb3dc -> 
  custom:container-muxer-webm: aa71ff27fc2769a1b78a27578f13a17b -> 
  custom:container-demuxer-webm: 4f35f7cbe854078d1ac9338744f61a02 -> 
  custom:container-demuxer-ogg: 62fdf1f143b41e24485cea50d1cbac27 -> 
  custom:video-encoder-webm-vp8: eb34c28f22e8b96e1ab97ce403110664 -> 
  custom:video-decoder-webm-vp8: 9c59270c3fd7afecdb556c50c9e8de78 -> 
  custom:graphics/normal-map-encoding: 01000000000000000000000000000000 -> 02000000000000000000000000000000
  custom:audio-decoder-ogg-vorbis: bf7c407c2cedff20999df2af8eb42d56 -> 
  custom:audio-encoder-webm-vorbis: bf7c407c2cedff20999df2af8eb42d56 -> 
========================================================================
Received Prepare
Registering precompiled user dll's ...
Registered in 0.007793 seconds.
Begin MonoManager ReloadAssembly
Native extension for WindowsStandalone target not found
Native extension for WebGL target not found
Refreshing native plugins compatible for Editor in 0.75 ms, found 2 plugins.
Preloading 0 native plugins for Editor in 0.00 ms.
Mono: successfully reloaded assembly
- Completed reload, in  1.919 seconds
Domain Reload Profiling:
	ReloadAssembly (1921ms)
		BeginReloadAssembly (232ms)
			ExecutionOrderSort (0ms)
			DisableScriptedObjects (17ms)
			BackupInstance (0ms)
			ReleaseScriptingObjects (0ms)
			CreateAndSetChildDomain (67ms)
		EndReloadAssembly (1569ms)
			LoadAssemblies (157ms)
			RebuildTransferFunctionScriptingTraits (0ms)
			SetupTypeCache (529ms)
			ReleaseScriptCaches (1ms)
			RebuildScriptCaches (83ms)
			SetupLoadedEditorAssemblies (569ms)
				LogAssemblyErrors (0ms)
				InitializePlatformSupportModulesInManaged (14ms)
				SetLoadedEditorAssemblies (2ms)
				RefreshPlugins (1ms)
				BeforeProcessingInitializeOnLoad (149ms)
				ProcessInitializeOnLoadAttributes (384ms)
				ProcessInitializeOnLoadMethodAttributes (6ms)
				AfterProcessingInitializeOnLoad (12ms)
				EditorAssembliesLoaded (0ms)
			ExecutionOrderSort2 (0ms)
			AwakeInstancesAfterBackupRestoration (13ms)
Platform modules already initialized, skipping
Switching build target platform(19) subTarget(0) extendedPlatform(0) -> platform(13) subTarget(537395200) extendedPlatform(0)
Refreshing native plugins compatible for Editor in 0.69 ms, found 2 plugins.
Preloading 0 native plugins for Editor in 0.00 ms.
Unloading 1607 Unused Serialized files (Serialized files now loaded: 0)
System memory in use before: 102.0 MB.
System memory in use after: 102.1 MB.

Unloading 12 unused Assets to reduce memory usage. Loaded Objects now: 2094.
Total: 5.874200 ms (FindLiveObjects: 0.375000 ms CreateObjectMapping: 0.110000 ms MarkObjects: 5.348000 ms  DeleteObjects: 0.037100 ms)

AssetImportParameters requested are different than current active one (requested -> active):
  custom:framework-win-MediaFoundation: 216162199b28c13a410421893ffa2e32 -> 
  custom:video-decoder-ogg-theora: a1e56fd34408186e4bbccfd4996cb3dc -> 
  custom:container-muxer-webm: aa71ff27fc2769a1b78a27578f13a17b -> 
  custom:container-demuxer-webm: 4f35f7cbe854078d1ac9338744f61a02 -> 
  custom:container-demuxer-ogg: 62fdf1f143b41e24485cea50d1cbac27 -> 
  custom:video-encoder-webm-vp8: eb34c28f22e8b96e1ab97ce403110664 -> 
  custom:video-decoder-webm-vp8: 9c59270c3fd7afecdb556c50c9e8de78 -> 
  custom:graphics/normal-map-encoding: 01000000000000000000000000000000 -> 02000000000000000000000000000000
  custom:audio-decoder-ogg-vorbis: bf7c407c2cedff20999df2af8eb42d56 -> 
  custom:audio-encoder-webm-vorbis: bf7c407c2cedff20999df2af8eb42d56 -> 
========================================================================
Received Import Request.
  Time since last request: 206.622836 seconds.
  path: Assets/Game/Inventory/Resources/Armour.asset
  artifactKey: Guid(325beb438b05df24aa8b80bdecd95331) Importer(815301076,1909f56bfc062723c751e8b465ee728b)
Start importing Assets/Game/Inventory/Resources/Armour.asset using Guid(325beb438b05df24aa8b80bdecd95331) Importer(815301076,1909f56bfc062723c751e8b465ee728b)  -> (artifact id: 'e375a72a1c574157fa35b0b56103433d') in 0.045992 seconds 
  Import took 0.052572 seconds .

========================================================================
Received Import Request.
  Time since last request: 89.002257 seconds.
  path: Assets/GameDev.tv Assets
  artifactKey: Guid(081da29f380f31b4096302fb1cae098d) Importer(815301076,1909f56bfc062723c751e8b465ee728b)
Start importing Assets/GameDev.tv Assets using Guid(081da29f380f31b4096302fb1cae098d) Importer(815301076,1909f56bfc062723c751e8b465ee728b)  -> (artifact id: 'e34f71790265295e80f6c0f6f7b970ff') in 0.013507 seconds 
  Import took 0.019661 seconds .

========================================================================
Received Import Request.
  Time since last request: 9.243814 seconds.
  path: Assets/GameDev.tv Assets/Scripts/Utils/UI
  artifactKey: Guid(58bc9c62ad18b0649b06ac4b10788755) Importer(815301076,1909f56bfc062723c751e8b465ee728b)
Start importing Assets/GameDev.tv Assets/Scripts/Utils/UI using Guid(58bc9c62ad18b0649b06ac4b10788755) Importer(815301076,1909f56bfc062723c751e8b465ee728b)  -> (artifact id: 'adab416006d59fec333767de4e511df4') in 0.014147 seconds 
  Import took 0.019194 seconds .

========================================================================
Received Import Request.
  Time since last request: 395.071953 seconds.
  path: Assets/Game/Pickups/PickupSpawner.prefab
  artifactKey: Guid(146deb5b00ba38d4c85ed275c1b7da63) Importer(815301076,1909f56bfc062723c751e8b465ee728b)
Start importing Assets/Game/Pickups/PickupSpawner.prefab using Guid(146deb5b00ba38d4c85ed275c1b7da63) Importer(815301076,1909f56bfc062723c751e8b465ee728b)  -> (artifact id: '9a6d651b59a22c652c1947ede003666b') in 0.054252 seconds 
  Import took 0.060042 seconds .

========================================================================
Received Prepare
Registering precompiled user dll's ...
Registered in 0.008778 seconds.
Begin MonoManager ReloadAssembly
Native extension for WindowsStandalone target not found
Native extension for WebGL target not found
Refreshing native plugins compatible for Editor in 1.16 ms, found 2 plugins.
Preloading 0 native plugins for Editor in 0.00 ms.
Mono: successfully reloaded assembly
- Completed reload, in  2.341 seconds
Domain Reload Profiling:
	ReloadAssembly (2341ms)
		BeginReloadAssembly (206ms)
			ExecutionOrderSort (0ms)
			DisableScriptedObjects (9ms)
			BackupInstance (0ms)
			ReleaseScriptingObjects (0ms)
			CreateAndSetChildDomain (57ms)
		EndReloadAssembly (2014ms)
			LoadAssemblies (168ms)
			RebuildTransferFunctionScriptingTraits (0ms)
			SetupTypeCache (512ms)
			ReleaseScriptCaches (1ms)
			RebuildScriptCaches (185ms)
			SetupLoadedEditorAssemblies (918ms)
				LogAssemblyErrors (0ms)
				InitializePlatformSupportModulesInManaged (11ms)
				SetLoadedEditorAssemblies (2ms)
				RefreshPlugins (1ms)
				BeforeProcessingInitializeOnLoad (225ms)
				ProcessInitializeOnLoadAttributes (658ms)
				ProcessInitializeOnLoadMethodAttributes (7ms)
				AfterProcessingInitializeOnLoad (13ms)
				EditorAssembliesLoaded (1ms)
			ExecutionOrderSort2 (0ms)
			AwakeInstancesAfterBackupRestoration (14ms)
Platform modules already initialized, skipping
Switching build target platform(19) subTarget(0) extendedPlatform(0) -> platform(13) subTarget(537395200) extendedPlatform(0)
Refreshing native plugins compatible for Editor in 0.89 ms, found 2 plugins.
Preloading 0 native plugins for Editor in 0.00 ms.
Unloading 1607 Unused Serialized files (Serialized files now loaded: 0)
System memory in use before: 102.0 MB.
System memory in use after: 102.1 MB.

Unloading 12 unused Assets to reduce memory usage. Loaded Objects now: 2096.
Total: 5.466300 ms (FindLiveObjects: 0.328400 ms CreateObjectMapping: 0.178900 ms MarkObjects: 4.920400 ms  DeleteObjects: 0.035800 ms)

AssetImportParameters requested are different than current active one (requested -> active):
  custom:framework-win-MediaFoundation: 216162199b28c13a410421893ffa2e32 -> 
  custom:video-decoder-ogg-theora: a1e56fd34408186e4bbccfd4996cb3dc -> 
  custom:container-muxer-webm: aa71ff27fc2769a1b78a27578f13a17b -> 
  custom:container-demuxer-webm: 4f35f7cbe854078d1ac9338744f61a02 -> 
  custom:container-demuxer-ogg: 62fdf1f143b41e24485cea50d1cbac27 -> 
  custom:video-encoder-webm-vp8: eb34c28f22e8b96e1ab97ce403110664 -> 
  custom:video-decoder-webm-vp8: 9c59270c3fd7afecdb556c50c9e8de78 -> 
  custom:graphics/normal-map-encoding: 01000000000000000000000000000000 -> 02000000000000000000000000000000
  custom:audio-decoder-ogg-vorbis: bf7c407c2cedff20999df2af8eb42d56 -> 
  custom:audio-encoder-webm-vorbis: bf7c407c2cedff20999df2af8eb42d56 -> 
========================================================================
Received Import Request.
  Time since last request: 71.440712 seconds.
  path: Assets/Game/Pickups/Pickup.prefab
  artifactKey: Guid(ab73185f2dadf4445ae07e78eb669c1f) Importer(815301076,1909f56bfc062723c751e8b465ee728b)
Start importing Assets/Game/Pickups/Pickup.prefab using Guid(ab73185f2dadf4445ae07e78eb669c1f) Importer(815301076,1909f56bfc062723c751e8b465ee728b)  -> (artifact id: 'b696fdb54f10e520bcdc005dd1cd699b') in 0.138776 seconds 
  Import took 0.144866 seconds .

========================================================================
Received Import Request.
  Time since last request: 97.224860 seconds.
  path: Assets/Game/Pickups/Pickup 1.prefab
  artifactKey: Guid(0c7c3b08e95bd4646939532e0eea704a) Importer(815301076,1909f56bfc062723c751e8b465ee728b)
Start importing Assets/Game/Pickups/Pickup 1.prefab using Guid(0c7c3b08e95bd4646939532e0eea704a) Importer(815301076,1909f56bfc062723c751e8b465ee728b)  -> (artifact id: '5514959572ff02a9e67ff78156386c18') in 0.055321 seconds 
  Import took 0.061744 seconds .

========================================================================
Received Import Request.
  Time since last request: 17.289102 seconds.
  path: Assets/Game/Pickups/Dagger PickUp.prefab
  artifactKey: Guid(0c7c3b08e95bd4646939532e0eea704a) Importer(815301076,1909f56bfc062723c751e8b465ee728b)
Start importing Assets/Game/Pickups/Dagger PickUp.prefab using Guid(0c7c3b08e95bd4646939532e0eea704a) Importer(815301076,1909f56bfc062723c751e8b465ee728b)  -> (artifact id: 'c4a6fdff8beebab47a9ba13d7b278594') in 0.048947 seconds 
  Import took 0.054022 seconds .

========================================================================
Received Import Request.
  Time since last request: 11.943364 seconds.
  path: Assets/Asset Packs/PolygonStudentSample/Models/SM_Env_Rock_015.fbx
  artifactKey: Guid(48d22365cdab5f74ea87a1f8df0d4ff4) Importer(815301076,1909f56bfc062723c751e8b465ee728b)
Start importing Assets/Asset Packs/PolygonStudentSample/Models/SM_Env_Rock_015.fbx using Guid(48d22365cdab5f74ea87a1f8df0d4ff4) Importer(815301076,1909f56bfc062723c751e8b465ee728b)  -> (artifact id: '0febef94253db30a313930c4368f47dd') in 0.386020 seconds 
  Import took 0.396057 seconds .

========================================================================
Received Import Request.
  Time since last request: 0.000334 seconds.
  path: Assets/Asset Packs/PolygonStudentSample/Models/SM_Prop_Crate_01.fbx
  artifactKey: Guid(b63a43da9ab50d847ad7383d9176deb6) Importer(815301076,1909f56bfc062723c751e8b465ee728b)
Start importing Assets/Asset Packs/PolygonStudentSample/Models/SM_Prop_Crate_01.fbx using Guid(b63a43da9ab50d847ad7383d9176deb6) Importer(815301076,1909f56bfc062723c751e8b465ee728b)  -> (artifact id: '8ca4c45fb20f07acf8fa3add76f93939') in 0.118305 seconds 
  Import took 0.124951 seconds .

========================================================================
Received Import Request.
  Time since last request: 0.000384 seconds.
  path: Assets/Asset Packs/PolygonStudentSample/Models/SM_Wep_Rapier_01.fbx
  artifactKey: Guid(add7cae5f34ba314aabdb7fc42a46c39) Importer(815301076,1909f56bfc062723c751e8b465ee728b)
Start importing Assets/Asset Packs/PolygonStudentSample/Models/SM_Wep_Rapier_01.fbx using Guid(add7cae5f34ba314aabdb7fc42a46c39) Importer(815301076,1909f56bfc062723c751e8b465ee728b)  -> (artifact id: '014965c4aed000e19381fe73a6ff61fe') in 0.141637 seconds 
  Import took 0.147984 seconds .

========================================================================
Received Import Request.
  Time since last request: 0.000389 seconds.
  path: Assets/Asset Packs/PolygonStudentSample/Models/SM_Prop_Pumpkin_01.fbx
  artifactKey: Guid(d671f15d904c3f64e8c432542700c1f4) Importer(815301076,1909f56bfc062723c751e8b465ee728b)
Start importing Assets/Asset Packs/PolygonStudentSample/Models/SM_Prop_Pumpkin_01.fbx using Guid(d671f15d904c3f64e8c432542700c1f4) Importer(815301076,1909f56bfc062723c751e8b465ee728b)  -> (artifact id: '268db5b458001284ceff5ef3896b2f92') in 0.122958 seconds 
  Import took 0.153105 seconds .

========================================================================
Received Import Request.
  Time since last request: 0.001018 seconds.
  path: Assets/Asset Packs/PolygonStudentSample/Models/SM_Env_Tree_010.fbx
  artifactKey: Guid(972d03c69bd979343ac98f730cac008e) Importer(815301076,1909f56bfc062723c751e8b465ee728b)
Start importing Assets/Asset Packs/PolygonStudentSample/Models/SM_Env_Tree_010.fbx using Guid(972d03c69bd979343ac98f730cac008e) Importer(815301076,1909f56bfc062723c751e8b465ee728b)  -> (artifact id: '05a2ab5e5d0b688b5cd6fd3043249585') in 0.091132 seconds 
  Import took 0.105398 seconds .

========================================================================
Received Import Request.
  Time since last request: 0.000714 seconds.
  path: Assets/Asset Packs/PolygonStudentSample/Models/SM_Env_TreeLog_01.fbx
  artifactKey: Guid(58f050ea18787f74592ff7c8933b5b2f) Importer(815301076,1909f56bfc062723c751e8b465ee728b)
Start importing Assets/Asset Packs/PolygonStudentSample/Models/SM_Env_TreeLog_01.fbx using Guid(58f050ea18787f74592ff7c8933b5b2f) Importer(815301076,1909f56bfc062723c751e8b465ee728b)  -> (artifact id: '71870bd1ca2de24093e63f3b7e9eaa51') in 0.106787 seconds 
  Import took 0.114730 seconds .

========================================================================
Received Import Request.
  Time since last request: 0.000554 seconds.
  path: Assets/Asset Packs/PolygonStudentSample/Models/SM_Env_Tile_Grass_01.fbx
  artifactKey: Guid(6f89b704fb389db48aafe49efde83db6) Importer(815301076,1909f56bfc062723c751e8b465ee728b)
Start importing Assets/Asset Packs/PolygonStudentSample/Models/SM_Env_Tile_Grass_01.fbx using Guid(6f89b704fb389db48aafe49efde83db6) Importer(815301076,1909f56bfc062723c751e8b465ee728b)  -> (artifact id: 'cc5b2d9523f7e02c190d4d36501dc6fd') in 0.118362 seconds 
  Import took 0.125021 seconds .

========================================================================
Received Import Request.
  Time since last request: 0.000405 seconds.
  path: Assets/Asset Packs/PolygonStudentSample/Models/SM_Env_Tree_03.fbx
  artifactKey: Guid(189a561530b276147a2f2c200d715a84) Importer(815301076,1909f56bfc062723c751e8b465ee728b)
Start importing Assets/Asset Packs/PolygonStudentSample/Models/SM_Env_Tree_03.fbx using Guid(189a561530b276147a2f2c200d715a84) Importer(815301076,1909f56bfc062723c751e8b465ee728b)  -> (artifact id: '9f043ac485b66aeb744d024855aecd34') in 0.096976 seconds 
  Import took 0.104304 seconds .

========================================================================
Received Import Request.
  Time since last request: 5.258508 seconds.
  path: Assets/Game/Pickups/Dagger PickUp.prefab
  artifactKey: Guid(0c7c3b08e95bd4646939532e0eea704a) Importer(815301076,1909f56bfc062723c751e8b465ee728b)
Start importing Assets/Game/Pickups/Dagger PickUp.prefab using Guid(0c7c3b08e95bd4646939532e0eea704a) Importer(815301076,1909f56bfc062723c751e8b465ee728b)  -> (artifact id: '559fe5cc8640e2456af389f643f172ef') in 0.077380 seconds 
  Import took 0.089245 seconds .

========================================================================
Received Import Request.
  Time since last request: 7.030374 seconds.
  path: Assets/Game/Pickups/Dagger PickUp.prefab
  artifactKey: Guid(0c7c3b08e95bd4646939532e0eea704a) Importer(815301076,1909f56bfc062723c751e8b465ee728b)
Start importing Assets/Game/Pickups/Dagger PickUp.prefab using Guid(0c7c3b08e95bd4646939532e0eea704a) Importer(815301076,1909f56bfc062723c751e8b465ee728b)  -> (artifact id: 'e06603000c598a2c88ccf68b854f2dc2') in 0.062737 seconds 
  Import took 0.072858 seconds .

========================================================================
Received Import Request.
  Time since last request: 2.293948 seconds.
  path: Assets/Game/Pickups/Dagger PickUp.prefab
  artifactKey: Guid(0c7c3b08e95bd4646939532e0eea704a) Importer(815301076,1909f56bfc062723c751e8b465ee728b)
Start importing Assets/Game/Pickups/Dagger PickUp.prefab using Guid(0c7c3b08e95bd4646939532e0eea704a) Importer(815301076,1909f56bfc062723c751e8b465ee728b)  -> (artifact id: '4aec7b0dfec241b33f81946dcaced09a') in 0.051033 seconds 
  Import took 0.059819 seconds .

========================================================================
Received Import Request.
  Time since last request: 3.987111 seconds.
  path: Assets/Asset Packs/PolygonStudentSample/Models/SM_Wep_Sword_01.fbx
  artifactKey: Guid(38703959b00cc0145ba1149ca77cac13) Importer(815301076,1909f56bfc062723c751e8b465ee728b)
Start importing Assets/Asset Packs/PolygonStudentSample/Models/SM_Wep_Sword_01.fbx using Guid(38703959b00cc0145ba1149ca77cac13) Importer(815301076,1909f56bfc062723c751e8b465ee728b)  -> (artifact id: '31569fd2ad04635fcba947b01e877f74') in 0.099815 seconds 
  Import took 0.106696 seconds .

========================================================================
Received Import Request.
  Time since last request: 6.443770 seconds.
  path: Assets/Game/Pickups/Dagger PickUp.prefab
  artifactKey: Guid(0c7c3b08e95bd4646939532e0eea704a) Importer(815301076,1909f56bfc062723c751e8b465ee728b)
Start importing Assets/Game/Pickups/Dagger PickUp.prefab using Guid(0c7c3b08e95bd4646939532e0eea704a) Importer(815301076,1909f56bfc062723c751e8b465ee728b)  -> (artifact id: '71aabbf2b9bbba44deb2200f1e42cb5d') in 0.062082 seconds 
  Import took 0.073633 seconds .

========================================================================
Received Import Request.
  Time since last request: 66.196535 seconds.
  path: Assets/Game/Pickups/Dagger PickUp.prefab
  artifactKey: Guid(0c7c3b08e95bd4646939532e0eea704a) Importer(815301076,1909f56bfc062723c751e8b465ee728b)
Start importing Assets/Game/Pickups/Dagger PickUp.prefab using Guid(0c7c3b08e95bd4646939532e0eea704a) Importer(815301076,1909f56bfc062723c751e8b465ee728b)  -> (artifact id: 'fc08a327d047fda04a211b19e54f8fc5') in 0.078262 seconds 
  Import took 0.090116 seconds .

========================================================================
Received Import Request.
  Time since last request: 162.006726 seconds.
  path: Assets/Game/Inventory/Resources/Armour.asset
  artifactKey: Guid(325beb438b05df24aa8b80bdecd95331) Importer(815301076,1909f56bfc062723c751e8b465ee728b)
Start importing Assets/Game/Inventory/Resources/Armour.asset using Guid(325beb438b05df24aa8b80bdecd95331) Importer(815301076,1909f56bfc062723c751e8b465ee728b)  -> (artifact id: '51ee4a8d456f5c4fdf6f98ca0daed1b4') in 0.009615 seconds 
  Import took 0.015604 seconds .

========================================================================
Received Import Request.
  Time since last request: 0.000407 seconds.
  path: Assets/Game/Inventory/Resources/helmet.asset
  artifactKey: Guid(4b4ada054d907b14cafaf07ff067a389) Importer(815301076,1909f56bfc062723c751e8b465ee728b)
Start importing Assets/Game/Inventory/Resources/helmet.asset using Guid(4b4ada054d907b14cafaf07ff067a389) Importer(815301076,1909f56bfc062723c751e8b465ee728b)  -> (artifact id: '41556fe0e39a2123a7f1a7d0c4fe241e') in 0.015770 seconds 
  Import took 0.021544 seconds .

========================================================================
Received Import Request.
  Time since last request: 7.175700 seconds.
  path: Assets/Game/Pickups/Dagger PickUp.prefab
  artifactKey: Guid(0c7c3b08e95bd4646939532e0eea704a) Importer(815301076,1909f56bfc062723c751e8b465ee728b)
Start importing Assets/Game/Pickups/Dagger PickUp.prefab using Guid(0c7c3b08e95bd4646939532e0eea704a) Importer(815301076,1909f56bfc062723c751e8b465ee728b)  -> (artifact id: '0458bf963500db3f82dd4ef45d907a6d') in 0.038063 seconds 
  Import took 0.044354 seconds .

========================================================================
Received Import Request.
  Time since last request: 16.335121 seconds.
  path: Assets/Game/Pickups/Pickup 1.prefab
  artifactKey: Guid(1fa7d4e85b664304e8f861e21e6ceb1d) Importer(815301076,1909f56bfc062723c751e8b465ee728b)
Start importing Assets/Game/Pickups/Pickup 1.prefab using Guid(1fa7d4e85b664304e8f861e21e6ceb1d) Importer(815301076,1909f56bfc062723c751e8b465ee728b)  -> (artifact id: '5e5045f52481c91e349d2d7c6cd4c162') in 0.066009 seconds 
  Import took 0.077578 seconds .

========================================================================
Received Import Request.
  Time since last request: 22.208320 seconds.
  path: Assets/Game/Pickups/Armour Pickup.prefab
  artifactKey: Guid(1fa7d4e85b664304e8f861e21e6ceb1d) Importer(815301076,1909f56bfc062723c751e8b465ee728b)
Start importing Assets/Game/Pickups/Armour Pickup.prefab using Guid(1fa7d4e85b664304e8f861e21e6ceb1d) Importer(815301076,1909f56bfc062723c751e8b465ee728b)  -> (artifact id: 'edbf8db14df43630190b81a9d94de2e5') in 0.043806 seconds 
  Import took 0.065117 seconds .

========================================================================
Received Import Request.
  Time since last request: 133.284362 seconds.
  path: Assets/Game/Inventory/Resources/Dagger 1.asset
  artifactKey: Guid(ee3ef888755d84541b2fd261068bdd42) Importer(815301076,1909f56bfc062723c751e8b465ee728b)
Start importing Assets/Game/Inventory/Resources/Dagger 1.asset using Guid(ee3ef888755d84541b2fd261068bdd42) Importer(815301076,1909f56bfc062723c751e8b465ee728b)  -> (artifact id: 'c0f7144272498d2fe81f0c9b747f3a7d') in 0.016559 seconds 
  Import took 0.023568 seconds .

========================================================================
Received Import Request.
  Time since last request: 0.000387 seconds.
  path: Assets/Game/Inventory/Resources/Dagger.asset
  artifactKey: Guid(4bb0d5407e245ba4aa73580d0af1eb89) Importer(815301076,1909f56bfc062723c751e8b465ee728b)
Start importing Assets/Game/Inventory/Resources/Dagger.asset using Guid(4bb0d5407e245ba4aa73580d0af1eb89) Importer(815301076,1909f56bfc062723c751e8b465ee728b)  -> (artifact id: '582a14cd2e41802986e915536a760426') in 0.015461 seconds 
  Import took 0.023428 seconds .

========================================================================
Received Import Request.
  Time since last request: 22.762187 seconds.
  path: Assets/Game/Pickups/Armour Pickup.prefab
  artifactKey: Guid(1fa7d4e85b664304e8f861e21e6ceb1d) Importer(815301076,1909f56bfc062723c751e8b465ee728b)
Start importing Assets/Game/Pickups/Armour Pickup.prefab using Guid(1fa7d4e85b664304e8f861e21e6ceb1d) Importer(815301076,1909f56bfc062723c751e8b465ee728b)  -> (artifact id: '521fb944137b507b5b96a40e87463627') in 0.037816 seconds 
  Import took 0.044268 seconds .

========================================================================
Received Prepare
Registering precompiled user dll's ...
Registered in 0.008227 seconds.
Begin MonoManager ReloadAssembly
Native extension for WindowsStandalone target not found
Native extension for WebGL target not found
Refreshing native plugins compatible for Editor in 1.35 ms, found 2 plugins.
Preloading 0 native plugins for Editor in 0.00 ms.
Mono: successfully reloaded assembly
- Completed reload, in  2.133 seconds
Domain Reload Profiling:
	ReloadAssembly (2133ms)
		BeginReloadAssembly (243ms)
			ExecutionOrderSort (0ms)
			DisableScriptedObjects (8ms)
			BackupInstance (0ms)
			ReleaseScriptingObjects (0ms)
			CreateAndSetChildDomain (62ms)
		EndReloadAssembly (1770ms)
			LoadAssemblies (169ms)
			RebuildTransferFunctionScriptingTraits (0ms)
			SetupTypeCache (528ms)
			ReleaseScriptCaches (1ms)
			RebuildScriptCaches (86ms)
			SetupLoadedEditorAssemblies (742ms)
				LogAssemblyErrors (0ms)
				InitializePlatformSupportModulesInManaged (23ms)
				SetLoadedEditorAssemblies (2ms)
				RefreshPlugins (2ms)
				BeforeProcessingInitializeOnLoad (221ms)
				ProcessInitializeOnLoadAttributes (475ms)
				ProcessInitializeOnLoadMethodAttributes (6ms)
				AfterProcessingInitializeOnLoad (13ms)
				EditorAssembliesLoaded (1ms)
			ExecutionOrderSort2 (0ms)
			AwakeInstancesAfterBackupRestoration (13ms)
Platform modules already initialized, skipping
Switching build target platform(19) subTarget(0) extendedPlatform(0) -> platform(13) subTarget(537395200) extendedPlatform(0)
Refreshing native plugins compatible for Editor in 0.90 ms, found 2 plugins.
Preloading 0 native plugins for Editor in 0.00 ms.
Unloading 1607 Unused Serialized files (Serialized files now loaded: 0)
System memory in use before: 102.3 MB.
System memory in use after: 102.4 MB.

Unloading 13 unused Assets to reduce memory usage. Loaded Objects now: 2102.
Total: 6.815200 ms (FindLiveObjects: 0.360000 ms CreateObjectMapping: 0.110600 ms MarkObjects: 6.290200 ms  DeleteObjects: 0.050200 ms)

AssetImportParameters requested are different than current active one (requested -> active):
  custom:framework-win-MediaFoundation: 216162199b28c13a410421893ffa2e32 -> 
  custom:video-decoder-ogg-theora: a1e56fd34408186e4bbccfd4996cb3dc -> 
  custom:container-muxer-webm: aa71ff27fc2769a1b78a27578f13a17b -> 
  custom:container-demuxer-webm: 4f35f7cbe854078d1ac9338744f61a02 -> 
  custom:container-demuxer-ogg: 62fdf1f143b41e24485cea50d1cbac27 -> 
  custom:video-encoder-webm-vp8: eb34c28f22e8b96e1ab97ce403110664 -> 
  custom:video-decoder-webm-vp8: 9c59270c3fd7afecdb556c50c9e8de78 -> 
  custom:graphics/normal-map-encoding: 01000000000000000000000000000000 -> 02000000000000000000000000000000
  custom:audio-decoder-ogg-vorbis: bf7c407c2cedff20999df2af8eb42d56 -> 
  custom:audio-encoder-webm-vorbis: bf7c407c2cedff20999df2af8eb42d56 -> 
========================================================================
Received Import Request.
  Time since last request: 226.599748 seconds.
  path: Assets/Game/Pickups/Armour Pickup.prefab
  artifactKey: Guid(1fa7d4e85b664304e8f861e21e6ceb1d) Importer(815301076,1909f56bfc062723c751e8b465ee728b)
Start importing Assets/Game/Pickups/Armour Pickup.prefab using Guid(1fa7d4e85b664304e8f861e21e6ceb1d) Importer(815301076,1909f56bfc062723c751e8b465ee728b)  -> (artifact id: 'a3c6f053222f3139da154962d6f655e1') in 0.125934 seconds 
  Import took 0.131858 seconds .

========================================================================
Received Import Request.
  Time since last request: 3.125052 seconds.
  path: Assets/Game/Pickups/Armour Pickup.prefab
  artifactKey: Guid(1fa7d4e85b664304e8f861e21e6ceb1d) Importer(815301076,1909f56bfc062723c751e8b465ee728b)
Start importing Assets/Game/Pickups/Armour Pickup.prefab using Guid(1fa7d4e85b664304e8f861e21e6ceb1d) Importer(815301076,1909f56bfc062723c751e8b465ee728b)  -> (artifact id: '7b6ab040cb21fe6350d66106d8f618b5') in 0.040178 seconds 
  Import took 0.045097 seconds .

========================================================================
Received Import Request.
  Time since last request: 10.350176 seconds.
  path: Assets/Game/Pickups/Dagger PickUp.prefab
  artifactKey: Guid(0c7c3b08e95bd4646939532e0eea704a) Importer(815301076,1909f56bfc062723c751e8b465ee728b)
Start importing Assets/Game/Pickups/Dagger PickUp.prefab using Guid(0c7c3b08e95bd4646939532e0eea704a) Importer(815301076,1909f56bfc062723c751e8b465ee728b)  -> (artifact id: '6f3acfaf38d4d2658d5db5e3d33324b1') in 0.084224 seconds 
  Import took 0.095638 seconds .

========================================================================
Received Import Request.
  Time since last request: 2.690555 seconds.
  path: Assets/Game/Pickups/Dagger PickUp.prefab
  artifactKey: Guid(0c7c3b08e95bd4646939532e0eea704a) Importer(815301076,1909f56bfc062723c751e8b465ee728b)
Start importing Assets/Game/Pickups/Dagger PickUp.prefab using Guid(0c7c3b08e95bd4646939532e0eea704a) Importer(815301076,1909f56bfc062723c751e8b465ee728b)  -> (artifact id: '0cff8a0ab299fe1bcd631bf0b2c0220d') in 0.074896 seconds 
  Import took 0.081513 seconds .

========================================================================
Received Import Request.
  Time since last request: 2.740787 seconds.
  path: Assets/Game/Pickups/Dagger PickUp.prefab
  artifactKey: Guid(0c7c3b08e95bd4646939532e0eea704a) Importer(815301076,1909f56bfc062723c751e8b465ee728b)
Start importing Assets/Game/Pickups/Dagger PickUp.prefab using Guid(0c7c3b08e95bd4646939532e0eea704a) Importer(815301076,1909f56bfc062723c751e8b465ee728b)  -> (artifact id: '6826a1192be5d8ef1e34ee6208fa7bc3') in 0.042116 seconds 
  Import took 0.048261 seconds .

========================================================================
Received Import Request.
  Time since last request: 9.777364 seconds.
  path: Assets/Game/Pickups/Pickup.prefab
  artifactKey: Guid(ab73185f2dadf4445ae07e78eb669c1f) Importer(815301076,1909f56bfc062723c751e8b465ee728b)
Start importing Assets/Game/Pickups/Pickup.prefab using Guid(ab73185f2dadf4445ae07e78eb669c1f) Importer(815301076,1909f56bfc062723c751e8b465ee728b)  -> (artifact id: 'c5b8adafcb8770af0fbc6f10ea9fc802') in 0.042649 seconds 
  Import took 0.048503 seconds .

========================================================================
Received Import Request.
  Time since last request: 2.278145 seconds.
  path: Assets/Game/Pickups/Pickup.prefab
  artifactKey: Guid(ab73185f2dadf4445ae07e78eb669c1f) Importer(815301076,1909f56bfc062723c751e8b465ee728b)
Start importing Assets/Game/Pickups/Pickup.prefab using Guid(ab73185f2dadf4445ae07e78eb669c1f) Importer(815301076,1909f56bfc062723c751e8b465ee728b)  -> (artifact id: '964f6a38baca02f29795b79e9db7cca4') in 0.075847 seconds 
  Import took 0.084827 seconds .

========================================================================
Received Import Request.
  Time since last request: 4.331584 seconds.
  path: Assets/Game/Pickups/Pickup.prefab
  artifactKey: Guid(ab73185f2dadf4445ae07e78eb669c1f) Importer(815301076,1909f56bfc062723c751e8b465ee728b)
Start importing Assets/Game/Pickups/Pickup.prefab using Guid(ab73185f2dadf4445ae07e78eb669c1f) Importer(815301076,1909f56bfc062723c751e8b465ee728b)  -> (artifact id: 'd2f52f42fab842e98fee5ba849ce509a') in 0.053406 seconds 
  Import took 0.061468 seconds .

========================================================================
Received Prepare
Registering precompiled user dll's ...
Registered in 0.008026 seconds.
Begin MonoManager ReloadAssembly
Native extension for WindowsStandalone target not found
Native extension for WebGL target not found
Refreshing native plugins compatible for Editor in 0.65 ms, found 2 plugins.
Preloading 0 native plugins for Editor in 0.00 ms.
Mono: successfully reloaded assembly
- Completed reload, in  2.123 seconds
Domain Reload Profiling:
	ReloadAssembly (2124ms)
		BeginReloadAssembly (207ms)
			ExecutionOrderSort (0ms)
			DisableScriptedObjects (9ms)
			BackupInstance (0ms)
			ReleaseScriptingObjects (0ms)
			CreateAndSetChildDomain (59ms)
		EndReloadAssembly (1799ms)
			LoadAssemblies (164ms)
			RebuildTransferFunctionScriptingTraits (0ms)
			SetupTypeCache (533ms)
			ReleaseScriptCaches (2ms)
			RebuildScriptCaches (113ms)
			SetupLoadedEditorAssemblies (683ms)
				LogAssemblyErrors (0ms)
				InitializePlatformSupportModulesInManaged (11ms)
				SetLoadedEditorAssemblies (1ms)
				RefreshPlugins (1ms)
				BeforeProcessingInitializeOnLoad (140ms)
				ProcessInitializeOnLoadAttributes (512ms)
				ProcessInitializeOnLoadMethodAttributes (6ms)
				AfterProcessingInitializeOnLoad (12ms)
				EditorAssembliesLoaded (1ms)
			ExecutionOrderSort2 (0ms)
			AwakeInstancesAfterBackupRestoration (12ms)
Platform modules already initialized, skipping
Switching build target platform(19) subTarget(0) extendedPlatform(0) -> platform(13) subTarget(537395200) extendedPlatform(0)
Refreshing native plugins compatible for Editor in 0.83 ms, found 2 plugins.
Preloading 0 native plugins for Editor in 0.00 ms.
Unloading 1607 Unused Serialized files (Serialized files now loaded: 0)
System memory in use before: 102.3 MB.
System memory in use after: 102.4 MB.

Unloading 12 unused Assets to reduce memory usage. Loaded Objects now: 2105.
Total: 7.019200 ms (FindLiveObjects: 0.503500 ms CreateObjectMapping: 0.129000 ms MarkObjects: 6.350400 ms  DeleteObjects: 0.033300 ms)

AssetImportParameters requested are different than current active one (requested -> active):
  custom:framework-win-MediaFoundation: 216162199b28c13a410421893ffa2e32 -> 
  custom:video-decoder-ogg-theora: a1e56fd34408186e4bbccfd4996cb3dc -> 
  custom:container-muxer-webm: aa71ff27fc2769a1b78a27578f13a17b -> 
  custom:container-demuxer-webm: 4f35f7cbe854078d1ac9338744f61a02 -> 
  custom:container-demuxer-ogg: 62fdf1f143b41e24485cea50d1cbac27 -> 
  custom:video-encoder-webm-vp8: eb34c28f22e8b96e1ab97ce403110664 -> 
  custom:video-decoder-webm-vp8: 9c59270c3fd7afecdb556c50c9e8de78 -> 
  custom:graphics/normal-map-encoding: 01000000000000000000000000000000 -> 02000000000000000000000000000000
  custom:audio-decoder-ogg-vorbis: bf7c407c2cedff20999df2af8eb42d56 -> 
  custom:audio-encoder-webm-vorbis: bf7c407c2cedff20999df2af8eb42d56 -> 
========================================================================
Received Import Request.
  Time since last request: 97.840934 seconds.
  path: Assets/Game/Pickups/Dagger PickUp.prefab
  artifactKey: Guid(0c7c3b08e95bd4646939532e0eea704a) Importer(815301076,1909f56bfc062723c751e8b465ee728b)
Start importing Assets/Game/Pickups/Dagger PickUp.prefab using Guid(0c7c3b08e95bd4646939532e0eea704a) Importer(815301076,1909f56bfc062723c751e8b465ee728b)  -> (artifact id: 'b37a56a555f48bbfd5a6600eb64f28d9') in 0.144239 seconds 
  Import took 0.153946 seconds .

========================================================================
Received Import Request.
  Time since last request: 13.375508 seconds.
  path: Assets/Game/Pickups/Pickup.prefab
  artifactKey: Guid(ab73185f2dadf4445ae07e78eb669c1f) Importer(815301076,1909f56bfc062723c751e8b465ee728b)
Start importing Assets/Game/Pickups/Pickup.prefab using Guid(ab73185f2dadf4445ae07e78eb669c1f) Importer(815301076,1909f56bfc062723c751e8b465ee728b)  -> (artifact id: 'c920fb6275315c3d714accf3b2445bac') in 0.049173 seconds 
  Import took 0.055259 seconds .

========================================================================
Received Import Request.
  Time since last request: 23.797657 seconds.
  path: Assets/Game/Pickups/Dagger PickUp.prefab
  artifactKey: Guid(0c7c3b08e95bd4646939532e0eea704a) Importer(815301076,1909f56bfc062723c751e8b465ee728b)
Start importing Assets/Game/Pickups/Dagger PickUp.prefab using Guid(0c7c3b08e95bd4646939532e0eea704a) Importer(815301076,1909f56bfc062723c751e8b465ee728b)  -> (artifact id: 'a813bda2731115873814aa44daeb6ec2') in 0.048117 seconds 
  Import took 0.056710 seconds .

========================================================================
Received Import Request.
  Time since last request: 17.311744 seconds.
  path: Assets/Game/Pickups/Armour Pickup.prefab
  artifactKey: Guid(1fa7d4e85b664304e8f861e21e6ceb1d) Importer(815301076,1909f56bfc062723c751e8b465ee728b)
Start importing Assets/Game/Pickups/Armour Pickup.prefab using Guid(1fa7d4e85b664304e8f861e21e6ceb1d) Importer(815301076,1909f56bfc062723c751e8b465ee728b)  -> (artifact id: 'd2f2fb45698c13adb6c6ed3f5e76a9d7') in 0.062552 seconds 
  Import took 0.070749 seconds .

========================================================================
Received Import Request.
  Time since last request: 5.942967 seconds.
  path: Assets/Game/Pickups/Armour Pickup.prefab
  artifactKey: Guid(1fa7d4e85b664304e8f861e21e6ceb1d) Importer(815301076,1909f56bfc062723c751e8b465ee728b)
Start importing Assets/Game/Pickups/Armour Pickup.prefab using Guid(1fa7d4e85b664304e8f861e21e6ceb1d) Importer(815301076,1909f56bfc062723c751e8b465ee728b)  -> (artifact id: 'f5eb138ffb99fab7f638e442edfdbd42') in 0.052015 seconds 
  Import took 0.064678 seconds .

========================================================================
Received Import Request.
  Time since last request: 5.687190 seconds.
  path: Assets/Game/Pickups/Armour Pickup.prefab
  artifactKey: Guid(1fa7d4e85b664304e8f861e21e6ceb1d) Importer(815301076,1909f56bfc062723c751e8b465ee728b)
Start importing Assets/Game/Pickups/Armour Pickup.prefab using Guid(1fa7d4e85b664304e8f861e21e6ceb1d) Importer(815301076,1909f56bfc062723c751e8b465ee728b)  -> (artifact id: '075b8418f65da2ddd10eb40ffdfbe3fa') in 0.039704 seconds 
  Import took 0.044338 seconds .

========================================================================
Received Prepare
Registering precompiled user dll's ...
Registered in 0.006186 seconds.
Begin MonoManager ReloadAssembly
Native extension for WindowsStandalone target not found
Native extension for WebGL target not found
Refreshing native plugins compatible for Editor in 0.63 ms, found 2 plugins.
Preloading 0 native plugins for Editor in 0.00 ms.
Mono: successfully reloaded assembly
- Completed reload, in  2.177 seconds
Domain Reload Profiling:
	ReloadAssembly (2178ms)
		BeginReloadAssembly (207ms)
			ExecutionOrderSort (0ms)
			DisableScriptedObjects (8ms)
			BackupInstance (0ms)
			ReleaseScriptingObjects (0ms)
			CreateAndSetChildDomain (71ms)
		EndReloadAssembly (1835ms)
			LoadAssemblies (160ms)
			RebuildTransferFunctionScriptingTraits (0ms)
			SetupTypeCache (557ms)
			ReleaseScriptCaches (1ms)
			RebuildScriptCaches (96ms)
			SetupLoadedEditorAssemblies (750ms)
				LogAssemblyErrors (0ms)
				InitializePlatformSupportModulesInManaged (12ms)
				SetLoadedEditorAssemblies (1ms)
				RefreshPlugins (1ms)
				BeforeProcessingInitializeOnLoad (141ms)
				ProcessInitializeOnLoadAttributes (578ms)
				ProcessInitializeOnLoadMethodAttributes (6ms)
				AfterProcessingInitializeOnLoad (11ms)
				EditorAssembliesLoaded (0ms)
			ExecutionOrderSort2 (0ms)
			AwakeInstancesAfterBackupRestoration (12ms)
Platform modules already initialized, skipping
Switching build target platform(19) subTarget(0) extendedPlatform(0) -> platform(13) subTarget(537395200) extendedPlatform(0)
Refreshing native plugins compatible for Editor in 0.95 ms, found 2 plugins.
Preloading 0 native plugins for Editor in 0.00 ms.
Unloading 1607 Unused Serialized files (Serialized files now loaded: 0)
System memory in use before: 102.3 MB.
System memory in use after: 102.4 MB.

Unloading 12 unused Assets to reduce memory usage. Loaded Objects now: 2108.
Total: 4.730000 ms (FindLiveObjects: 0.222800 ms CreateObjectMapping: 0.086700 ms MarkObjects: 4.379000 ms  DeleteObjects: 0.038600 ms)

AssetImportParameters requested are different than current active one (requested -> active):
  custom:framework-win-MediaFoundation: 216162199b28c13a410421893ffa2e32 -> 
  custom:video-decoder-ogg-theora: a1e56fd34408186e4bbccfd4996cb3dc -> 
  custom:container-muxer-webm: aa71ff27fc2769a1b78a27578f13a17b -> 
  custom:container-demuxer-webm: 4f35f7cbe854078d1ac9338744f61a02 -> 
  custom:container-demuxer-ogg: 62fdf1f143b41e24485cea50d1cbac27 -> 
  custom:video-encoder-webm-vp8: eb34c28f22e8b96e1ab97ce403110664 -> 
  custom:video-decoder-webm-vp8: 9c59270c3fd7afecdb556c50c9e8de78 -> 
  custom:graphics/normal-map-encoding: 01000000000000000000000000000000 -> 02000000000000000000000000000000
  custom:audio-decoder-ogg-vorbis: bf7c407c2cedff20999df2af8eb42d56 -> 
  custom:audio-encoder-webm-vorbis: bf7c407c2cedff20999df2af8eb42d56 -> 
========================================================================
Received Import Request.
  Time since last request: 2958.132014 seconds.
  path: Assets/Scripts/Control
  artifactKey: Guid(31fe3506dcf3b234795d1e84f2de407e) Importer(815301076,1909f56bfc062723c751e8b465ee728b)
Start importing Assets/Scripts/Control using Guid(31fe3506dcf3b234795d1e84f2de407e) Importer(815301076,1909f56bfc062723c751e8b465ee728b)  -> (artifact id: 'bbade04c470aaea326bf02c023de9bc9') in 0.065947 seconds 
  Import took 0.110835 seconds .

========================================================================
Received Import Request.
  Time since last request: 19.806992 seconds.
  path: Assets/Scripts/Control/RunOverPickUp.cs
  artifactKey: Guid(64aa1f439d74d02469cfb41cd805a777) Importer(815301076,1909f56bfc062723c751e8b465ee728b)
Start importing Assets/Scripts/Control/RunOverPickUp.cs using Guid(64aa1f439d74d02469cfb41cd805a777) Importer(815301076,1909f56bfc062723c751e8b465ee728b)  -> (artifact id: 'f4b341158084de8b50e2c5525ee7939f') in 0.286898 seconds 
  Import took 0.305126 seconds .

========================================================================
Received Prepare
Registering precompiled user dll's ...
Registered in 0.004707 seconds.
Begin MonoManager ReloadAssembly
Native extension for WindowsStandalone target not found
Native extension for WebGL target not found
Refreshing native plugins compatible for Editor in 0.60 ms, found 2 plugins.
Preloading 0 native plugins for Editor in 0.00 ms.
Mono: successfully reloaded assembly
- Completed reload, in  2.907 seconds
Domain Reload Profiling:
	ReloadAssembly (2908ms)
		BeginReloadAssembly (166ms)
			ExecutionOrderSort (0ms)
			DisableScriptedObjects (7ms)
			BackupInstance (0ms)
			ReleaseScriptingObjects (0ms)
			CreateAndSetChildDomain (48ms)
		EndReloadAssembly (2636ms)
			LoadAssemblies (139ms)
			RebuildTransferFunctionScriptingTraits (0ms)
			SetupTypeCache (464ms)
			ReleaseScriptCaches (1ms)
			RebuildScriptCaches (94ms)
			SetupLoadedEditorAssemblies (1083ms)
				LogAssemblyErrors (0ms)
				InitializePlatformSupportModulesInManaged (12ms)
				SetLoadedEditorAssemblies (1ms)
				RefreshPlugins (1ms)
				BeforeProcessingInitializeOnLoad (125ms)
				ProcessInitializeOnLoadAttributes (928ms)
				ProcessInitializeOnLoadMethodAttributes (6ms)
				AfterProcessingInitializeOnLoad (11ms)
				EditorAssembliesLoaded (0ms)
			ExecutionOrderSort2 (0ms)
			AwakeInstancesAfterBackupRestoration (11ms)
Platform modules already initialized, skipping
Switching build target platform(19) subTarget(0) extendedPlatform(0) -> platform(13) subTarget(537395200) extendedPlatform(0)
Refreshing native plugins compatible for Editor in 2.29 ms, found 2 plugins.
Preloading 0 native plugins for Editor in 0.00 ms.
Unloading 1608 Unused Serialized files (Serialized files now loaded: 0)
System memory in use before: 102.4 MB.
System memory in use after: 102.5 MB.

Unloading 12 unused Assets to reduce memory usage. Loaded Objects now: 2111.
Total: 8.409700 ms (FindLiveObjects: 0.407800 ms CreateObjectMapping: 0.127600 ms MarkObjects: 7.831100 ms  DeleteObjects: 0.039000 ms)

AssetImportParameters requested are different than current active one (requested -> active):
  custom:framework-win-MediaFoundation: 216162199b28c13a410421893ffa2e32 -> 
  custom:video-decoder-ogg-theora: a1e56fd34408186e4bbccfd4996cb3dc -> 
  custom:container-muxer-webm: aa71ff27fc2769a1b78a27578f13a17b -> 
  custom:container-demuxer-webm: 4f35f7cbe854078d1ac9338744f61a02 -> 
  custom:container-demuxer-ogg: 62fdf1f143b41e24485cea50d1cbac27 -> 
  custom:video-encoder-webm-vp8: eb34c28f22e8b96e1ab97ce403110664 -> 
  custom:video-decoder-webm-vp8: 9c59270c3fd7afecdb556c50c9e8de78 -> 
  custom:graphics/normal-map-encoding: 01000000000000000000000000000000 -> 02000000000000000000000000000000
  custom:audio-decoder-ogg-vorbis: bf7c407c2cedff20999df2af8eb42d56 -> 
  custom:audio-encoder-webm-vorbis: bf7c407c2cedff20999df2af8eb42d56 -> 
========================================================================
Received Import Request.
  Time since last request: 966.463064 seconds.
  path: Assets/Scripts/Control/RunOverPickUp.cs
  artifactKey: Guid(64aa1f439d74d02469cfb41cd805a777) Importer(815301076,1909f56bfc062723c751e8b465ee728b)
Start importing Assets/Scripts/Control/RunOverPickUp.cs using Guid(64aa1f439d74d02469cfb41cd805a777) Importer(815301076,1909f56bfc062723c751e8b465ee728b)  -> (artifact id: 'ceee9b0dd3ffc1527124285e79094820') in 0.011736 seconds 
  Import took 0.016834 seconds .

========================================================================
Received Prepare
Registering precompiled user dll's ...
Registered in 0.005169 seconds.
Begin MonoManager ReloadAssembly
Native extension for WindowsStandalone target not found
Native extension for WebGL target not found
Refreshing native plugins compatible for Editor in 0.65 ms, found 2 plugins.
Preloading 0 native plugins for Editor in 0.00 ms.
Mono: successfully reloaded assembly
- Completed reload, in  1.614 seconds
Domain Reload Profiling:
	ReloadAssembly (1614ms)
		BeginReloadAssembly (193ms)
			ExecutionOrderSort (0ms)
			DisableScriptedObjects (10ms)
			BackupInstance (0ms)
			ReleaseScriptingObjects (0ms)
			CreateAndSetChildDomain (57ms)
		EndReloadAssembly (1318ms)
			LoadAssemblies (161ms)
			RebuildTransferFunctionScriptingTraits (0ms)
			SetupTypeCache (430ms)
			ReleaseScriptCaches (1ms)
			RebuildScriptCaches (66ms)
			SetupLoadedEditorAssemblies (449ms)
				LogAssemblyErrors (0ms)
				InitializePlatformSupportModulesInManaged (8ms)
				SetLoadedEditorAssemblies (1ms)
				RefreshPlugins (1ms)
				BeforeProcessingInitializeOnLoad (112ms)
				ProcessInitializeOnLoadAttributes (312ms)
				ProcessInitializeOnLoadMethodAttributes (6ms)
				AfterProcessingInitializeOnLoad (9ms)
				EditorAssembliesLoaded (0ms)
			ExecutionOrderSort2 (0ms)
			AwakeInstancesAfterBackupRestoration (10ms)
Platform modules already initialized, skipping
Switching build target platform(19) subTarget(0) extendedPlatform(0) -> platform(13) subTarget(537395200) extendedPlatform(0)
Refreshing native plugins compatible for Editor in 0.75 ms, found 2 plugins.
Preloading 0 native plugins for Editor in 0.00 ms.
Unloading 1608 Unused Serialized files (Serialized files now loaded: 0)
System memory in use before: 102.4 MB.
System memory in use after: 102.5 MB.

Unloading 12 unused Assets to reduce memory usage. Loaded Objects now: 2113.
Total: 4.549400 ms (FindLiveObjects: 0.364400 ms CreateObjectMapping: 0.103900 ms MarkObjects: 4.047700 ms  DeleteObjects: 0.030600 ms)

AssetImportParameters requested are different than current active one (requested -> active):
  custom:framework-win-MediaFoundation: 216162199b28c13a410421893ffa2e32 -> 
  custom:video-decoder-ogg-theora: a1e56fd34408186e4bbccfd4996cb3dc -> 
  custom:container-muxer-webm: aa71ff27fc2769a1b78a27578f13a17b -> 
  custom:container-demuxer-webm: 4f35f7cbe854078d1ac9338744f61a02 -> 
  custom:container-demuxer-ogg: 62fdf1f143b41e24485cea50d1cbac27 -> 
  custom:video-encoder-webm-vp8: eb34c28f22e8b96e1ab97ce403110664 -> 
  custom:video-decoder-webm-vp8: 9c59270c3fd7afecdb556c50c9e8de78 -> 
  custom:graphics/normal-map-encoding: 01000000000000000000000000000000 -> 02000000000000000000000000000000
  custom:audio-decoder-ogg-vorbis: bf7c407c2cedff20999df2af8eb42d56 -> 
  custom:audio-encoder-webm-vorbis: bf7c407c2cedff20999df2af8eb42d56 -> 
========================================================================
Received Import Request.
  Time since last request: 118.197924 seconds.
  path: Assets/Game/Pickups
  artifactKey: Guid(d073276f186578b4187c8cea86d311c8) Importer(815301076,1909f56bfc062723c751e8b465ee728b)
Start importing Assets/Game/Pickups using Guid(d073276f186578b4187c8cea86d311c8) Importer(815301076,1909f56bfc062723c751e8b465ee728b)  -> (artifact id: '95737593e04c612733f3a50c9dc6be94') in 0.037208 seconds 
  Import took 0.062228 seconds .

========================================================================
Received Import Request.
  Time since last request: 15.956824 seconds.
  path: Assets/Game/Pickups/Pickup.prefab
  artifactKey: Guid(ab73185f2dadf4445ae07e78eb669c1f) Importer(815301076,1909f56bfc062723c751e8b465ee728b)
Start importing Assets/Game/Pickups/Pickup.prefab using Guid(ab73185f2dadf4445ae07e78eb669c1f) Importer(815301076,1909f56bfc062723c751e8b465ee728b)  -> (artifact id: '33e93f4e7756e36fc7836c7ff7d3f254') in 0.228046 seconds 
  Import took 0.259736 seconds .

========================================================================
Received Import Request.
  Time since last request: 9.575981 seconds.
  path: Assets/Game/Pickups/Pickup.prefab
  artifactKey: Guid(ab73185f2dadf4445ae07e78eb669c1f) Importer(815301076,1909f56bfc062723c751e8b465ee728b)
Start importing Assets/Game/Pickups/Pickup.prefab using Guid(ab73185f2dadf4445ae07e78eb669c1f) Importer(815301076,1909f56bfc062723c751e8b465ee728b)  -> (artifact id: '2b6b1826e67357cf2b7854c613552cc5') in 0.038298 seconds 
  Import took 0.060344 seconds .

========================================================================
Received Import Request.
  Time since last request: 21.443903 seconds.
  path: Assets/Game/Pickups/Dagger PickUp.prefab
  artifactKey: Guid(0c7c3b08e95bd4646939532e0eea704a) Importer(815301076,1909f56bfc062723c751e8b465ee728b)
Start importing Assets/Game/Pickups/Dagger PickUp.prefab using Guid(0c7c3b08e95bd4646939532e0eea704a) Importer(815301076,1909f56bfc062723c751e8b465ee728b)  -> (artifact id: 'da2246e40ae0bea4354f975e25b4a5d2') in 0.032598 seconds 
  Import took 0.058231 seconds .

========================================================================
Received Import Request.
  Time since last request: 5.603419 seconds.
  path: Assets/Game/Pickups/Dagger PickUp.prefab
  artifactKey: Guid(0c7c3b08e95bd4646939532e0eea704a) Importer(815301076,1909f56bfc062723c751e8b465ee728b)
Start importing Assets/Game/Pickups/Dagger PickUp.prefab using Guid(0c7c3b08e95bd4646939532e0eea704a) Importer(815301076,1909f56bfc062723c751e8b465ee728b)  -> (artifact id: 'b0bb2696b190fb41b922e9e3bc5bf8e3') in 0.033217 seconds 
  Import took 0.039303 seconds .

========================================================================
Received Import Request.
  Time since last request: 100.531483 seconds.
  path: Assets/Game/Pickups/Armour Pickup.prefab
  artifactKey: Guid(1fa7d4e85b664304e8f861e21e6ceb1d) Importer(815301076,1909f56bfc062723c751e8b465ee728b)
Start importing Assets/Game/Pickups/Armour Pickup.prefab using Guid(1fa7d4e85b664304e8f861e21e6ceb1d) Importer(815301076,1909f56bfc062723c751e8b465ee728b)  -> (artifact id: '19741c7ab43fdada3c8b970ff79f58e3') in 0.037524 seconds 
  Import took 0.064538 seconds .

========================================================================
Received Import Request.
  Time since last request: 4.604337 seconds.
  path: Assets/Game/Pickups/Armour Pickup.prefab
  artifactKey: Guid(1fa7d4e85b664304e8f861e21e6ceb1d) Importer(815301076,1909f56bfc062723c751e8b465ee728b)
Start importing Assets/Game/Pickups/Armour Pickup.prefab using Guid(1fa7d4e85b664304e8f861e21e6ceb1d) Importer(815301076,1909f56bfc062723c751e8b465ee728b)  -> (artifact id: 'cecc9188375e4fa69baee2d54abba9ae') in 0.040507 seconds 
  Import took 0.046799 seconds .

========================================================================
Received Prepare
Registering precompiled user dll's ...
Registered in 0.004965 seconds.
Begin MonoManager ReloadAssembly
Native extension for WindowsStandalone target not found
Native extension for WebGL target not found
Refreshing native plugins compatible for Editor in 0.59 ms, found 2 plugins.
Preloading 0 native plugins for Editor in 0.00 ms.
Mono: successfully reloaded assembly
- Completed reload, in  1.724 seconds
Domain Reload Profiling:
	ReloadAssembly (1724ms)
		BeginReloadAssembly (158ms)
			ExecutionOrderSort (0ms)
			DisableScriptedObjects (7ms)
			BackupInstance (0ms)
			ReleaseScriptingObjects (0ms)
			CreateAndSetChildDomain (50ms)
		EndReloadAssembly (1461ms)
			LoadAssemblies (146ms)
			RebuildTransferFunctionScriptingTraits (0ms)
			SetupTypeCache (453ms)
			ReleaseScriptCaches (1ms)
			RebuildScriptCaches (75ms)
			SetupLoadedEditorAssemblies (515ms)
				LogAssemblyErrors (0ms)
				InitializePlatformSupportModulesInManaged (10ms)
				SetLoadedEditorAssemblies (1ms)
				RefreshPlugins (1ms)
				BeforeProcessingInitializeOnLoad (126ms)
				ProcessInitializeOnLoadAttributes (360ms)
				ProcessInitializeOnLoadMethodAttributes (6ms)
				AfterProcessingInitializeOnLoad (11ms)
				EditorAssembliesLoaded (0ms)
			ExecutionOrderSort2 (0ms)
			AwakeInstancesAfterBackupRestoration (10ms)
Platform modules already initialized, skipping
Switching build target platform(19) subTarget(0) extendedPlatform(0) -> platform(13) subTarget(537395200) extendedPlatform(0)
Refreshing native plugins compatible for Editor in 0.62 ms, found 2 plugins.
Preloading 0 native plugins for Editor in 0.00 ms.
Unloading 1608 Unused Serialized files (Serialized files now loaded: 0)
System memory in use before: 102.4 MB.
System memory in use after: 102.5 MB.

Unloading 12 unused Assets to reduce memory usage. Loaded Objects now: 2116.
Total: 6.315700 ms (FindLiveObjects: 0.338300 ms CreateObjectMapping: 0.100300 ms MarkObjects: 5.837200 ms  DeleteObjects: 0.036800 ms)

AssetImportParameters requested are different than current active one (requested -> active):
  custom:framework-win-MediaFoundation: 216162199b28c13a410421893ffa2e32 -> 
  custom:video-decoder-ogg-theora: a1e56fd34408186e4bbccfd4996cb3dc -> 
  custom:container-muxer-webm: aa71ff27fc2769a1b78a27578f13a17b -> 
  custom:container-demuxer-webm: 4f35f7cbe854078d1ac9338744f61a02 -> 
  custom:container-demuxer-ogg: 62fdf1f143b41e24485cea50d1cbac27 -> 
  custom:video-encoder-webm-vp8: eb34c28f22e8b96e1ab97ce403110664 -> 
  custom:video-decoder-webm-vp8: 9c59270c3fd7afecdb556c50c9e8de78 -> 
  custom:graphics/normal-map-encoding: 01000000000000000000000000000000 -> 02000000000000000000000000000000
  custom:audio-decoder-ogg-vorbis: bf7c407c2cedff20999df2af8eb42d56 -> 
  custom:audio-encoder-webm-vorbis: bf7c407c2cedff20999df2af8eb42d56 -> 
========================================================================
Received Import Request.
  Time since last request: 137.409504 seconds.
  path: Assets/Game/Pickups/Armour Pickup.prefab
  artifactKey: Guid(1fa7d4e85b664304e8f861e21e6ceb1d) Importer(815301076,1909f56bfc062723c751e8b465ee728b)
Start importing Assets/Game/Pickups/Armour Pickup.prefab using Guid(1fa7d4e85b664304e8f861e21e6ceb1d) Importer(815301076,1909f56bfc062723c751e8b465ee728b)  -> (artifact id: 'e59198184921f2ac4a618df56d9f170b') in 0.125213 seconds 
  Import took 0.129935 seconds .

========================================================================
Received Import Request.
  Time since last request: 8.468913 seconds.
  path: Assets/Game/Pickups/Dagger PickUp.prefab
  artifactKey: Guid(0c7c3b08e95bd4646939532e0eea704a) Importer(815301076,1909f56bfc062723c751e8b465ee728b)
Start importing Assets/Game/Pickups/Dagger PickUp.prefab using Guid(0c7c3b08e95bd4646939532e0eea704a) Importer(815301076,1909f56bfc062723c751e8b465ee728b)  -> (artifact id: '3e9747819229536542acc82e4d8aeb9c') in 0.037300 seconds 
  Import took 0.059028 seconds .

========================================================================
Received Import Request.
  Time since last request: 5.430329 seconds.
  path: Assets/Game/Pickups/Pickup.prefab
  artifactKey: Guid(ab73185f2dadf4445ae07e78eb669c1f) Importer(815301076,1909f56bfc062723c751e8b465ee728b)
Start importing Assets/Game/Pickups/Pickup.prefab using Guid(ab73185f2dadf4445ae07e78eb669c1f) Importer(815301076,1909f56bfc062723c751e8b465ee728b)  -> (artifact id: '432e57f23b37f4635403c8fe98d8464b') in 0.037950 seconds 
  Import took 0.068587 seconds .

========================================================================
Received Prepare
Registering precompiled user dll's ...
Registered in 0.004991 seconds.
Begin MonoManager ReloadAssembly
Native extension for WindowsStandalone target not found
Native extension for WebGL target not found
Refreshing native plugins compatible for Editor in 0.80 ms, found 2 plugins.
Preloading 0 native plugins for Editor in 0.00 ms.
Mono: successfully reloaded assembly
- Completed reload, in  1.628 seconds
Domain Reload Profiling:
	ReloadAssembly (1629ms)
		BeginReloadAssembly (169ms)
			ExecutionOrderSort (0ms)
			DisableScriptedObjects (7ms)
			BackupInstance (0ms)
			ReleaseScriptingObjects (0ms)
			CreateAndSetChildDomain (55ms)
		EndReloadAssembly (1361ms)
			LoadAssemblies (133ms)
			RebuildTransferFunctionScriptingTraits (0ms)
			SetupTypeCache (411ms)
			ReleaseScriptCaches (1ms)
			RebuildScriptCaches (68ms)
			SetupLoadedEditorAssemblies (484ms)
				LogAssemblyErrors (0ms)
				InitializePlatformSupportModulesInManaged (9ms)
				SetLoadedEditorAssemblies (1ms)
				RefreshPlugins (1ms)
				BeforeProcessingInitializeOnLoad (116ms)
				ProcessInitializeOnLoadAttributes (343ms)
				ProcessInitializeOnLoadMethodAttributes (5ms)
				AfterProcessingInitializeOnLoad (10ms)
				EditorAssembliesLoaded (1ms)
			ExecutionOrderSort2 (0ms)
			AwakeInstancesAfterBackupRestoration (10ms)
Platform modules already initialized, skipping
Switching build target platform(19) subTarget(0) extendedPlatform(0) -> platform(13) subTarget(537395200) extendedPlatform(0)
Refreshing native plugins compatible for Editor in 0.81 ms, found 2 plugins.
Preloading 0 native plugins for Editor in 0.00 ms.
Unloading 1608 Unused Serialized files (Serialized files now loaded: 0)
System memory in use before: 102.4 MB.
System memory in use after: 102.5 MB.

Unloading 12 unused Assets to reduce memory usage. Loaded Objects now: 2119.
Total: 4.988600 ms (FindLiveObjects: 0.206900 ms CreateObjectMapping: 0.073400 ms MarkObjects: 4.671900 ms  DeleteObjects: 0.033800 ms)

AssetImportParameters requested are different than current active one (requested -> active):
  custom:framework-win-MediaFoundation: 216162199b28c13a410421893ffa2e32 -> 
  custom:video-decoder-ogg-theora: a1e56fd34408186e4bbccfd4996cb3dc -> 
  custom:container-muxer-webm: aa71ff27fc2769a1b78a27578f13a17b -> 
  custom:container-demuxer-webm: 4f35f7cbe854078d1ac9338744f61a02 -> 
  custom:container-demuxer-ogg: 62fdf1f143b41e24485cea50d1cbac27 -> 
  custom:video-encoder-webm-vp8: eb34c28f22e8b96e1ab97ce403110664 -> 
  custom:video-decoder-webm-vp8: 9c59270c3fd7afecdb556c50c9e8de78 -> 
  custom:graphics/normal-map-encoding: 01000000000000000000000000000000 -> 02000000000000000000000000000000
  custom:audio-decoder-ogg-vorbis: bf7c407c2cedff20999df2af8eb42d56 -> 
  custom:audio-encoder-webm-vorbis: bf7c407c2cedff20999df2af8eb42d56 -> 
========================================================================
Received Prepare
Registering precompiled user dll's ...
Registered in 0.005044 seconds.
Begin MonoManager ReloadAssembly
Native extension for WindowsStandalone target not found
Native extension for WebGL target not found
Refreshing native plugins compatible for Editor in 0.61 ms, found 2 plugins.
Preloading 0 native plugins for Editor in 0.00 ms.
Mono: successfully reloaded assembly
- Completed reload, in  1.680 seconds
Domain Reload Profiling:
	ReloadAssembly (1681ms)
		BeginReloadAssembly (147ms)
			ExecutionOrderSort (0ms)
			DisableScriptedObjects (7ms)
			BackupInstance (0ms)
			ReleaseScriptingObjects (0ms)
			CreateAndSetChildDomain (45ms)
		EndReloadAssembly (1439ms)
			LoadAssemblies (137ms)
			RebuildTransferFunctionScriptingTraits (0ms)
			SetupTypeCache (426ms)
			ReleaseScriptCaches (1ms)
			RebuildScriptCaches (68ms)
			SetupLoadedEditorAssemblies (550ms)
				LogAssemblyErrors (0ms)
				InitializePlatformSupportModulesInManaged (9ms)
				SetLoadedEditorAssemblies (1ms)
				RefreshPlugins (1ms)
				BeforeProcessingInitializeOnLoad (116ms)
				ProcessInitializeOnLoadAttributes (408ms)
				ProcessInitializeOnLoadMethodAttributes (5ms)
				AfterProcessingInitializeOnLoad (10ms)
				EditorAssembliesLoaded (0ms)
			ExecutionOrderSort2 (0ms)
			AwakeInstancesAfterBackupRestoration (10ms)
Platform modules already initialized, skipping
Switching build target platform(19) subTarget(0) extendedPlatform(0) -> platform(13) subTarget(537395200) extendedPlatform(0)
Refreshing native plugins compatible for Editor in 0.82 ms, found 2 plugins.
Preloading 0 native plugins for Editor in 0.00 ms.
Unloading 1608 Unused Serialized files (Serialized files now loaded: 0)
System memory in use before: 102.4 MB.
System memory in use after: 102.5 MB.

Unloading 12 unused Assets to reduce memory usage. Loaded Objects now: 2121.
Total: 4.227000 ms (FindLiveObjects: 0.212000 ms CreateObjectMapping: 0.073200 ms MarkObjects: 3.909200 ms  DeleteObjects: 0.030100 ms)

AssetImportParameters requested are different than current active one (requested -> active):
  custom:framework-win-MediaFoundation: 216162199b28c13a410421893ffa2e32 -> 
  custom:video-decoder-ogg-theora: a1e56fd34408186e4bbccfd4996cb3dc -> 
  custom:container-muxer-webm: aa71ff27fc2769a1b78a27578f13a17b -> 
  custom:container-demuxer-webm: 4f35f7cbe854078d1ac9338744f61a02 -> 
  custom:container-demuxer-ogg: 62fdf1f143b41e24485cea50d1cbac27 -> 
  custom:video-encoder-webm-vp8: eb34c28f22e8b96e1ab97ce403110664 -> 
  custom:video-decoder-webm-vp8: 9c59270c3fd7afecdb556c50c9e8de78 -> 
  custom:graphics/normal-map-encoding: 01000000000000000000000000000000 -> 02000000000000000000000000000000
  custom:audio-decoder-ogg-vorbis: bf7c407c2cedff20999df2af8eb42d56 -> 
  custom:audio-encoder-webm-vorbis: bf7c407c2cedff20999df2af8eb42d56 -> 
AssetImportWorkerClient::OnTransportError - code=2 error=End of file
